android/app/build/intermediates/manifest_merge_blame_file/debug/manifest-merger-blame-debug-report.txt
1<?xml version="1.0" encoding="utf-8"?>
2<manifest xmlns:android="http://schemas.android.com/apk/res/android"
3    package="com.sampleapp"
4    android:versionCode="1"
5    android:versionName="1.0" >
6
7    <uses-sdk
8        android:minSdkVersion="21"
9        android:targetSdkVersion="31" />
10
11    <uses-permission android:name="android.permission.SYSTEM_ALERT_WINDOW" />
11-->src/main/AndroidManifest.xml:5:5-77
11-->src/main/AndroidManifest.xml:5:22-75
12    <uses-permission android:name="android.permission.INTERNET" /> <!-- 追加 -->
12-->src/main/AndroidManifest.xml:4:5-67
12-->src/main/AndroidManifest.xml:4:22-64
13    <uses-permission android:name="android.permission.RECEIVE_BOOT_COMPLETED" />
13-->src/main/AndroidManifest.xml:6:5-81
13-->src/main/AndroidManifest.xml:6:22-78
14    <uses-permission android:name="android.permission.VIBRATE" />
14-->src/main/AndroidManifest.xml:7:5-66
14-->src/main/AndroidManifest.xml:7:22-63
15    <uses-permission android:name="android.permission.ACCESS_WIFI_STATE" />
15-->[com.facebook.flipper:flipper:0.54.0] AndroidManifest.xml:16:5-76
15-->[com.facebook.flipper:flipper:0.54.0] AndroidManifest.xml:16:22-73
16    <uses-permission android:name="android.permission.WAKE_LOCK" />
16-->[:react-native-firebase_messaging] AndroidManifest.xml:12:5-68
16-->[:react-native-firebase_messaging] AndroidManifest.xml:12:22-65
17    <uses-permission android:name="android.permission.ACCESS_NETWORK_STATE" />
17-->[:react-native-firebase_messaging] AndroidManifest.xml:13:5-79
17-->[:react-native-firebase_messaging] AndroidManifest.xml:13:22-76
18    <uses-permission android:name="android.permission.POST_NOTIFICATIONS" /> <!-- Required by older versions of Google Play services to create IID tokens -->
18-->[com.google.firebase:firebase-messaging:23.0.6] AndroidManifest.xml:26:5-77
18-->[com.google.firebase:firebase-messaging:23.0.6] AndroidManifest.xml:26:22-74
19    <uses-permission android:name="com.google.android.c2dm.permission.RECEIVE" />
19-->[com.google.firebase:firebase-messaging:23.0.6] AndroidManifest.xml:29:5-82
19-->[com.google.firebase:firebase-messaging:23.0.6] AndroidManifest.xml:29:22-79
20    <uses-permission android:name="com.google.android.gms.permission.AD_ID" />
20-->[com.google.android.gms:play-services-measurement-api:21.1.0] AndroidManifest.xml:25:5-79
20-->[com.google.android.gms:play-services-measurement-api:21.1.0] AndroidManifest.xml:25:22-76
21    <uses-permission android:name="com.google.android.finsky.permission.BIND_GET_INSTALL_REFERRER_SERVICE" />
21-->[com.google.android.gms:play-services-measurement:21.1.0] AndroidManifest.xml:26:5-110
21-->[com.google.android.gms:play-services-measurement:21.1.0] AndroidManifest.xml:26:22-107
22
23    <application
23-->src/main/AndroidManifest.xml:9:5-54:19
24        android:name="com.sampleapp.MainApplication"
24-->src/main/AndroidManifest.xml:10:7-38
25        android:allowBackup="false"
25-->src/main/AndroidManifest.xml:14:7-34
26        android:appComponentFactory="androidx.core.app.CoreComponentFactory"
26-->[androidx.core:core:1.2.0] AndroidManifest.xml:24:18-86
27        android:debuggable="true"
28        android:icon="@mipmap/ic_launcher"
28-->src/main/AndroidManifest.xml:12:7-41
29        android:label="@string/app_name"
29-->src/main/AndroidManifest.xml:11:7-39
30        android:roundIcon="@mipmap/ic_launcher_round"
30-->src/main/AndroidManifest.xml:13:7-52
31        android:theme="@style/AppTheme"
31-->src/main/AndroidManifest.xml:15:7-38
32        android:usesCleartextTraffic="true" >
32-->src/debug/AndroidManifest.xml:7:18-53
33        <meta-data
33-->src/main/AndroidManifest.xml:16:7-19:21
34            android:name="io.repro.android.PushNotification.ChannelId"
34-->src/main/AndroidManifest.xml:17:13-71
35            android:value="io.repro.android.dev.default" >
35-->src/main/AndroidManifest.xml:18:13-57
36        </meta-data>
37        <meta-data
37-->src/main/AndroidManifest.xml:20:9-23:21
38            android:name="io.repro.android.PushNotification.ChannelName"
38-->src/main/AndroidManifest.xml:21:13-73
39            android:resource="@string/app_name" >
39-->src/main/AndroidManifest.xml:22:13-48
40        </meta-data>
41
42        <service
42-->src/main/AndroidManifest.xml:25:9-32:19
43            android:name="com.sampleapp.MyFirebaseMessagingService"
43-->src/main/AndroidManifest.xml:26:13-55
44            android:exported="true" >
44-->src/main/AndroidManifest.xml:27:13-36
45            <intent-filter>
45-->src/main/AndroidManifest.xml:29:13-31:29
46                <action android:name="com.google.firebase.MESSAGING_EVENT" />
46-->src/main/AndroidManifest.xml:30:17-77
46-->src/main/AndroidManifest.xml:30:25-75
47            </intent-filter>
48        </service>
49
50        <activity
50-->src/main/AndroidManifest.xml:33:7-43:18
51            android:name="com.sampleapp.MainActivity"
51-->src/main/AndroidManifest.xml:34:9-37
52            android:configChanges="keyboard|keyboardHidden|orientation|screenSize|uiMode"
52-->src/main/AndroidManifest.xml:36:9-86
53            android:label="@string/app_name"
53-->src/main/AndroidManifest.xml:35:9-41
54            android:launchMode="singleTask"
54-->src/main/AndroidManifest.xml:37:9-40
55            android:windowSoftInputMode="adjustResize" >
55-->src/main/AndroidManifest.xml:38:9-51
56            <intent-filter>
56-->src/main/AndroidManifest.xml:39:9-42:25
57                <action android:name="android.intent.action.MAIN" />
57-->src/main/AndroidManifest.xml:40:13-65
57-->src/main/AndroidManifest.xml:40:21-62
58
59                <category android:name="android.intent.category.LAUNCHER" />
59-->src/main/AndroidManifest.xml:41:13-73
59-->src/main/AndroidManifest.xml:41:23-70
60            </intent-filter>
61        </activity>
62
63        <receiver
63-->src/main/AndroidManifest.xml:44:7-52:20
64            android:name="io.repro.android.ReproReceiver"
64-->src/main/AndroidManifest.xml:45:13-58
65            android:exported="true"
65-->src/main/AndroidManifest.xml:46:13-36
66            android:permission="com.google.android.c2dm.permission.SEND" >
66-->src/main/AndroidManifest.xml:47:13-73
67            <intent-filter>
67-->src/main/AndroidManifest.xml:48:13-51:29
68                <action android:name="com.google.android.c2dm.intent.RECEIVE" />
68-->src/main/AndroidManifest.xml:49:17-81
68-->src/main/AndroidManifest.xml:49:25-78
69
70                <category android:name="test-app-java" />
70-->src/main/AndroidManifest.xml:50:17-58
70-->src/main/AndroidManifest.xml:50:27-55
71            </intent-filter>
72        </receiver>
73
74        <activity android:name="com.facebook.react.devsupport.DevSettingsActivity" />
74-->src/main/AndroidManifest.xml:53:7-84
74-->src/main/AndroidManifest.xml:53:17-81
75
76        <service android:name="io.invertase.firebase.messaging.ReactNativeFirebaseMessagingHeadlessService" />
76-->[:react-native-firebase_messaging] AndroidManifest.xml:16:9-111
76-->[:react-native-firebase_messaging] AndroidManifest.xml:16:18-108
77        <service
77-->[:react-native-firebase_messaging] AndroidManifest.xml:17:9-23:19
78            android:name="io.invertase.firebase.messaging.ReactNativeFirebaseMessagingService"
78-->[:react-native-firebase_messaging] AndroidManifest.xml:18:13-95
79            android:exported="false" >
79-->[:react-native-firebase_messaging] AndroidManifest.xml:19:13-37
80            <intent-filter>
80-->src/main/AndroidManifest.xml:29:13-31:29
81                <action android:name="com.google.firebase.MESSAGING_EVENT" />
81-->src/main/AndroidManifest.xml:30:17-77
81-->src/main/AndroidManifest.xml:30:25-75
82            </intent-filter>
83        </service>
84
85        <receiver
85-->[:react-native-firebase_messaging] AndroidManifest.xml:25:9-32:20
86            android:name="io.invertase.firebase.messaging.ReactNativeFirebaseMessagingReceiver"
86-->[:react-native-firebase_messaging] AndroidManifest.xml:26:13-96
87            android:exported="true"
87-->[:react-native-firebase_messaging] AndroidManifest.xml:27:13-36
88            android:permission="com.google.android.c2dm.permission.SEND" >
88-->[:react-native-firebase_messaging] AndroidManifest.xml:28:13-73
89            <intent-filter>
89-->[:react-native-firebase_messaging] AndroidManifest.xml:29:13-31:29
90                <action android:name="com.google.android.c2dm.intent.RECEIVE" />
90-->src/main/AndroidManifest.xml:49:17-81
90-->src/main/AndroidManifest.xml:49:25-78
91            </intent-filter>
92        </receiver>
93
94        <meta-data
94-->[:react-native-firebase_messaging] AndroidManifest.xml:34:9-36:36
95            android:name="firebase_messaging_auto_init_enabled"
95-->[:react-native-firebase_messaging] AndroidManifest.xml:35:13-64
96            android:value="true" />
96-->[:react-native-firebase_messaging] AndroidManifest.xml:36:13-33
97        <meta-data
97-->[:react-native-firebase_messaging] AndroidManifest.xml:37:9-39:32
98            android:name="com.google.firebase.messaging.default_notification_channel_id"
98-->[:react-native-firebase_messaging] AndroidManifest.xml:38:13-89
99            android:value="" />
99-->[:react-native-firebase_messaging] AndroidManifest.xml:39:13-29
100        <meta-data
100-->[:react-native-firebase_messaging] AndroidManifest.xml:40:9-42:47
101            android:name="com.google.firebase.messaging.default_notification_color"
101-->[:react-native-firebase_messaging] AndroidManifest.xml:41:13-84
102            android:resource="@color/white" />
102-->[:react-native-firebase_messaging] AndroidManifest.xml:42:13-44
103
104        <receiver
104-->[com.google.firebase:firebase-messaging:23.0.6] AndroidManifest.xml:32:9-39:20
105            android:name="com.google.firebase.iid.FirebaseInstanceIdReceiver"
105-->[com.google.firebase:firebase-messaging:23.0.6] AndroidManifest.xml:33:13-78
106            android:exported="true"
106-->[com.google.firebase:firebase-messaging:23.0.6] AndroidManifest.xml:34:13-36
107            android:permission="com.google.android.c2dm.permission.SEND" >
107-->[com.google.firebase:firebase-messaging:23.0.6] AndroidManifest.xml:35:13-73
108            <intent-filter>
108-->[:react-native-firebase_messaging] AndroidManifest.xml:29:13-31:29
109                <action android:name="com.google.android.c2dm.intent.RECEIVE" />
109-->src/main/AndroidManifest.xml:49:17-81
109-->src/main/AndroidManifest.xml:49:25-78
110            </intent-filter>
111        </receiver>
112        <!--
113             FirebaseMessagingService performs security checks at runtime,
114             but set to not exported to explicitly avoid allowing another app to call it.
115        -->
116        <service
116-->[com.google.firebase:firebase-messaging:23.0.6] AndroidManifest.xml:45:9-52:19
117            android:name="com.google.firebase.messaging.FirebaseMessagingService"
117-->[com.google.firebase:firebase-messaging:23.0.6] AndroidManifest.xml:46:13-82
118            android:directBootAware="true"
118-->[com.google.firebase:firebase-messaging:23.0.6] AndroidManifest.xml:47:13-43
119            android:exported="false" >
119-->[com.google.firebase:firebase-messaging:23.0.6] AndroidManifest.xml:48:13-37
120            <intent-filter android:priority="-500" >
120-->src/main/AndroidManifest.xml:29:13-31:29
121                <action android:name="com.google.firebase.MESSAGING_EVENT" />
121-->src/main/AndroidManifest.xml:30:17-77
121-->src/main/AndroidManifest.xml:30:25-75
122            </intent-filter>
123        </service>
124        <service
124-->[com.google.firebase:firebase-messaging:23.0.6] AndroidManifest.xml:53:9-59:19
125            android:name="com.google.firebase.components.ComponentDiscoveryService"
125-->[com.google.firebase:firebase-messaging:23.0.6] AndroidManifest.xml:54:13-84
126            android:directBootAware="true"
126-->[com.google.firebase:firebase-common:20.1.1] AndroidManifest.xml:35:13-43
127            android:exported="false" >
127-->[com.google.firebase:firebase-messaging:23.0.6] AndroidManifest.xml:55:13-37
128            <meta-data
128-->[com.google.firebase:firebase-messaging:23.0.6] AndroidManifest.xml:56:13-58:85
129                android:name="com.google.firebase.components:com.google.firebase.messaging.FirebaseMessagingRegistrar"
129-->[com.google.firebase:firebase-messaging:23.0.6] AndroidManifest.xml:57:17-119
130                android:value="com.google.firebase.components.ComponentRegistrar" />
130-->[com.google.firebase:firebase-messaging:23.0.6] AndroidManifest.xml:58:17-82
131            <meta-data
131-->[com.google.firebase:firebase-datatransport:18.1.5] AndroidManifest.xml:28:13-30:85
132                android:name="com.google.firebase.components:com.google.firebase.datatransport.TransportRegistrar"
132-->[com.google.firebase:firebase-datatransport:18.1.5] AndroidManifest.xml:29:17-115
133                android:value="com.google.firebase.components.ComponentRegistrar" />
133-->[com.google.firebase:firebase-datatransport:18.1.5] AndroidManifest.xml:30:17-82
134            <meta-data
134-->[com.google.android.gms:play-services-measurement-api:21.1.0] AndroidManifest.xml:31:13-33:85
135                android:name="com.google.firebase.components:com.google.firebase.analytics.connector.internal.AnalyticsConnectorRegistrar"
135-->[com.google.android.gms:play-services-measurement-api:21.1.0] AndroidManifest.xml:32:17-139
136                android:value="com.google.firebase.components.ComponentRegistrar" />
136-->[com.google.android.gms:play-services-measurement-api:21.1.0] AndroidManifest.xml:33:17-82
137            <meta-data
137-->[com.google.firebase:firebase-installations:17.0.1] AndroidManifest.xml:18:13-20:85
138                android:name="com.google.firebase.components:com.google.firebase.installations.FirebaseInstallationsRegistrar"
138-->[com.google.firebase:firebase-installations:17.0.1] AndroidManifest.xml:19:17-127
139                android:value="com.google.firebase.components.ComponentRegistrar" />
139-->[com.google.firebase:firebase-installations:17.0.1] AndroidManifest.xml:20:17-82
140        </service>
141        <service
141-->[com.google.android.datatransport:transport-backend-cct:3.1.6] AndroidManifest.xml:29:9-35:19
142            android:name="com.google.android.datatransport.runtime.backends.TransportBackendDiscovery"
142-->[com.google.android.datatransport:transport-backend-cct:3.1.6] AndroidManifest.xml:30:13-103
143            android:exported="false" >
143-->[com.google.android.datatransport:transport-backend-cct:3.1.6] AndroidManifest.xml:31:13-37
144            <meta-data
144-->[com.google.android.datatransport:transport-backend-cct:3.1.6] AndroidManifest.xml:32:13-34:39
145                android:name="backend:com.google.android.datatransport.cct.CctBackendFactory"
145-->[com.google.android.datatransport:transport-backend-cct:3.1.6] AndroidManifest.xml:33:17-94
146                android:value="cct" />
146-->[com.google.android.datatransport:transport-backend-cct:3.1.6] AndroidManifest.xml:34:17-36
147        </service>
148        <service
148-->[com.google.android.datatransport:transport-runtime:3.1.6] AndroidManifest.xml:26:9-30:19
149            android:name="com.google.android.datatransport.runtime.scheduling.jobscheduling.JobInfoSchedulerService"
149-->[com.google.android.datatransport:transport-runtime:3.1.6] AndroidManifest.xml:27:13-117
150            android:exported="false"
150-->[com.google.android.datatransport:transport-runtime:3.1.6] AndroidManifest.xml:28:13-37
151            android:permission="android.permission.BIND_JOB_SERVICE" >
151-->[com.google.android.datatransport:transport-runtime:3.1.6] AndroidManifest.xml:29:13-69
152        </service>
153
154        <receiver
154-->[com.google.android.datatransport:transport-runtime:3.1.6] AndroidManifest.xml:32:9-34:40
155            android:name="com.google.android.datatransport.runtime.scheduling.jobscheduling.AlarmManagerSchedulerBroadcastReceiver"
155-->[com.google.android.datatransport:transport-runtime:3.1.6] AndroidManifest.xml:33:13-132
156            android:exported="false" />
156-->[com.google.android.datatransport:transport-runtime:3.1.6] AndroidManifest.xml:34:13-37
157
158        <provider
158-->[com.google.firebase:firebase-common:20.1.1] AndroidManifest.xml:26:9-31:39
159            android:name="com.google.firebase.provider.FirebaseInitProvider"
159-->[com.google.firebase:firebase-common:20.1.1] AndroidManifest.xml:27:13-77
160            android:authorities="com.sampleapp.firebaseinitprovider"
160-->[com.google.firebase:firebase-common:20.1.1] AndroidManifest.xml:28:13-72
161            android:directBootAware="true"
161-->[com.google.firebase:firebase-common:20.1.1] AndroidManifest.xml:29:13-43
162            android:exported="false"
162-->[com.google.firebase:firebase-common:20.1.1] AndroidManifest.xml:30:13-37
163            android:initOrder="100" />
163-->[com.google.firebase:firebase-common:20.1.1] AndroidManifest.xml:31:13-36
164
165        <activity
165-->[com.google.android.gms:play-services-auth:19.0.0] AndroidManifest.xml:23:9-27:75
166            android:name="com.google.android.gms.auth.api.signin.internal.SignInHubActivity"
166-->[com.google.android.gms:play-services-auth:19.0.0] AndroidManifest.xml:24:13-93
167            android:excludeFromRecents="true"
167-->[com.google.android.gms:play-services-auth:19.0.0] AndroidManifest.xml:25:13-46
168            android:exported="false"
168-->[com.google.android.gms:play-services-auth:19.0.0] AndroidManifest.xml:26:13-37
169            android:theme="@android:style/Theme.Translucent.NoTitleBar" />
169-->[com.google.android.gms:play-services-auth:19.0.0] AndroidManifest.xml:27:13-72
170        <!--
171            Service handling Google Sign-In user revocation. For apps that do not integrate with
172            Google Sign-In, this service will never be started.
173        -->
174        <service
174-->[com.google.android.gms:play-services-auth:19.0.0] AndroidManifest.xml:33:9-37:51
175            android:name="com.google.android.gms.auth.api.signin.RevocationBoundService"
175-->[com.google.android.gms:play-services-auth:19.0.0] AndroidManifest.xml:34:13-89
176            android:exported="true"
176-->[com.google.android.gms:play-services-auth:19.0.0] AndroidManifest.xml:35:13-36
177            android:permission="com.google.android.gms.auth.api.signin.permission.REVOCATION_NOTIFICATION"
177-->[com.google.android.gms:play-services-auth:19.0.0] AndroidManifest.xml:36:13-107
178            android:visibleToInstantApps="true" />
178-->[com.google.android.gms:play-services-auth:19.0.0] AndroidManifest.xml:37:13-48
179
180        <activity
180-->[com.google.android.gms:play-services-base:18.0.1] AndroidManifest.xml:20:9-22:45
181            android:name="com.google.android.gms.common.api.GoogleApiActivity"
181-->[com.google.android.gms:play-services-base:18.0.1] AndroidManifest.xml:20:19-85
182            android:exported="false"
182-->[com.google.android.gms:play-services-base:18.0.1] AndroidManifest.xml:22:19-43
183            android:theme="@android:style/Theme.Translucent.NoTitleBar" />
183-->[com.google.android.gms:play-services-base:18.0.1] AndroidManifest.xml:21:19-78
184
185        <receiver
185-->[com.google.android.gms:play-services-measurement:21.1.0] AndroidManifest.xml:29:9-33:20
186            android:name="com.google.android.gms.measurement.AppMeasurementReceiver"
186-->[com.google.android.gms:play-services-measurement:21.1.0] AndroidManifest.xml:30:13-85
187            android:enabled="true"
187-->[com.google.android.gms:play-services-measurement:21.1.0] AndroidManifest.xml:31:13-35
188            android:exported="false" >
188-->[com.google.android.gms:play-services-measurement:21.1.0] AndroidManifest.xml:32:13-37
189        </receiver>
190
191        <service
191-->[com.google.android.gms:play-services-measurement:21.1.0] AndroidManifest.xml:35:9-38:40
192            android:name="com.google.android.gms.measurement.AppMeasurementService"
192-->[com.google.android.gms:play-services-measurement:21.1.0] AndroidManifest.xml:36:13-84
193            android:enabled="true"
193-->[com.google.android.gms:play-services-measurement:21.1.0] AndroidManifest.xml:37:13-35
194            android:exported="false" />
194-->[com.google.android.gms:play-services-measurement:21.1.0] AndroidManifest.xml:38:13-37
195        <service
195-->[com.google.android.gms:play-services-measurement:21.1.0] AndroidManifest.xml:39:9-43:72
196            android:name="com.google.android.gms.measurement.AppMeasurementJobService"
196-->[com.google.android.gms:play-services-measurement:21.1.0] AndroidManifest.xml:40:13-87
197            android:enabled="true"
197-->[com.google.android.gms:play-services-measurement:21.1.0] AndroidManifest.xml:41:13-35
198            android:exported="false"
198-->[com.google.android.gms:play-services-measurement:21.1.0] AndroidManifest.xml:42:13-37
199            android:permission="android.permission.BIND_JOB_SERVICE" />
199-->[com.google.android.gms:play-services-measurement:21.1.0] AndroidManifest.xml:43:13-69
200
201        <meta-data
201-->[com.google.android.gms:play-services-basement:18.0.0] AndroidManifest.xml:21:9-23:69
202            android:name="com.google.android.gms.version"
202-->[com.google.android.gms:play-services-basement:18.0.0] AndroidManifest.xml:22:13-58
203            android:value="@integer/google_play_services_version" />
203-->[com.google.android.gms:play-services-basement:18.0.0] AndroidManifest.xml:23:13-66
204
205        <activity
205-->[io.repro:repro-android-sdk:5.5.1] AndroidManifest.xml:13:9-19:20
206            android:name="io.repro.android.notification.IntentHandler"
206-->[io.repro:repro-android-sdk:5.5.1] AndroidManifest.xml:14:13-71
207            android:exported="false" >
207-->[io.repro:repro-android-sdk:5.5.1] AndroidManifest.xml:15:13-37
208            <intent-filter>
208-->[io.repro:repro-android-sdk:5.5.1] AndroidManifest.xml:16:13-18:29
209                <action android:name="io.repro.android.notification.IntentHandler.START_ACTIVITY" />
209-->[io.repro:repro-android-sdk:5.5.1] AndroidManifest.xml:17:17-101
209-->[io.repro:repro-android-sdk:5.5.1] AndroidManifest.xml:17:25-98
210            </intent-filter>
211        </activity>
212    </application>
213
214</manifest>